<?xml version="1.0" encoding="UTF-8"?>
<testsuite name="StringDrinkTest" tests="1" skipped="0" failures="0" errors="0" timestamp="2022-11-15T09:48:06" hostname="FEUP-B303D14" time="0.013">
  <properties/>
  <testcase name="stringDrink()" classname="StringDrinkTest" time="0.013"/>
  <system-out><![CDATA[]]></system-out>
  <system-err><![CDATA[]]></system-err>
</testsuite>
