<?xml version="1.0" encoding="UTF-8"?>
<testsuite name="StringTransformerGroupTest" tests="2" skipped="0" failures="0" errors="0" timestamp="2022-11-15T10:26:28" hostname="FEUP-B303D14" time="0.015">
  <properties/>
  <testcase name="transformerGroup()" classname="StringTransformerGroupTest" time="0.014"/>
  <testcase name="transformerComposite()" classname="StringTransformerGroupTest" time="0.001"/>
  <system-out><![CDATA[]]></system-out>
  <system-err><![CDATA[]]></system-err>
</testsuite>
