<?xml version="1.0" encoding="UTF-8"?>
<testsuite name="StringRecipeTest" tests="1" skipped="0" failures="0" errors="0" timestamp="2022-11-15T10:07:01" hostname="FEUP-B303D14" time="0.016">
  <properties/>
  <testcase name="stringRecipe()" classname="StringRecipeTest" time="0.016"/>
  <system-out><![CDATA[]]></system-out>
  <system-err><![CDATA[]]></system-err>
</testsuite>
